  myMipmap.cpp
d:\cpp\project\mymipmap\mymipmap\mymipmap.cpp(70): warning C4244: “初始化”: 从“float”转换到“int”，可能丢失数据
d:\cpp\project\mymipmap\mymipmap\mymipmap.cpp(72): warning C4244: “初始化”: 从“float”转换到“int”，可能丢失数据
d:\cpp\project\mymipmap\mymipmap\mymipmap.cpp(78): warning C4244: “初始化”: 从“double”转换到“float”，可能丢失数据
d:\cpp\project\mymipmap\mymipmap\mymipmap.cpp(83): warning C4244: “=”: 从“double”转换到“float”，可能丢失数据
d:\cpp\project\mymipmap\mymipmap\mymipmap.cpp(90): warning C4244: “=”: 从“double”转换到“_Tp”，可能丢失数据
          with
          [
              _Tp=uchar
          ]
d:\cpp\project\mymipmap\mymipmap\mymipmap.cpp(91): warning C4244: “=”: 从“double”转换到“_Tp”，可能丢失数据
          with
          [
              _Tp=uchar
          ]
d:\cpp\project\mymipmap\mymipmap\mymipmap.cpp(92): warning C4244: “=”: 从“double”转换到“_Tp”，可能丢失数据
          with
          [
              _Tp=uchar
          ]
  myMipmap.vcxproj -> D:\CPP\Project\myMipmap\x64\Debug\myMipmap.exe
